<?xml version="1.0" encoding="UTF-8"?>
<robot generator="Robot 7.0 (Python 3.12.1 on win32)" generated="2024-05-19T17:49:19.375614" rpa="false" schemaversion="5">
<suite id="s1" name="Suites" source="E:\full-proj-softreuse\tests\suites">
<suite id="s1-s1" name="Login Tests" source="E:\full-proj-softreuse\tests\suites\login_tests.robot">
<test id="s1-s1-t1" name="Given wrong password When make the request Then token should not be returned" line="17">
<kw name="Given I start the session" owner="base" type="SETUP">
<kw name="Create Session" owner="RequestsLibrary">
<msg time="2024-05-19T17:49:19.566067" level="INFO">Creating Session using : alias=Login Session, url=http://localhost:3000, headers={},                     cookies={}, auth=None, timeout=None, proxies=None, verify=False,                     debug=0 </msg>
<arg>${session_alias}</arg>
<arg>${BASE_URL}</arg>
<arg>disable_warnings=True</arg>
<doc>Create Session: create a HTTP session to a server</doc>
<status status="PASS" start="2024-05-19T17:49:19.566067" elapsed="0.000538"/>
</kw>
<arg>${ALIAS}</arg>
<status status="PASS" start="2024-05-19T17:49:19.564996" elapsed="0.001609"/>
</kw>
<kw name="Create Dictionary" owner="BuiltIn">
<msg time="2024-05-19T17:49:19.567110" level="INFO">${PAYLOAD} = {'username': 'admin', 'password': '123456'}</msg>
<var>${PAYLOAD}</var>
<arg>username=admin</arg>
<arg>password=123456</arg>
<doc>Creates and returns a dictionary based on the given ``items``.</doc>
<status status="PASS" start="2024-05-19T17:49:19.567110" elapsed="0.000000"/>
</kw>
<kw name="POST On Session" owner="RequestsLibrary">
<msg time="2024-05-19T17:49:19.646808" level="INFO">POST Request : url=http://localhost:3000/login 
 path_url=/login 
 headers={'User-Agent': 'python-requests/2.31.0', 'Accept-Encoding': 'gzip, deflate', 'Accept': '*/*', 'Connection': 'keep-alive', 'Content-Length': '43', 'Content-Type': 'application/json'} 
 body=b'{"username": "admin", "password": "123456"}' 
 </msg>
<msg time="2024-05-19T17:49:19.646808" level="INFO">POST Response : url=http://localhost:3000/login 
 status=401, reason=Unauthorized 
 headers={'X-Powered-By': 'Express', 'Content-Type': 'application/json; charset=utf-8', 'Content-Length': '53', 'ETag': 'W/"35-n1oVaWyvaAMHx9q2WMJqV6rlRLc"', 'Date': 'Sun, 19 May 2024 20:49:19 GMT', 'Connection': 'keep-alive', 'Keep-Alive': 'timeout=5'} 
 body={"message":"Credenciais invalidas - Senha incorreta"} 
 </msg>
<msg time="2024-05-19T17:49:19.646808" level="INFO">${response} = &lt;Response [401]&gt;</msg>
<var>${response}</var>
<arg>${ALIAS}</arg>
<arg>url=/login</arg>
<arg>json=${PAYLOAD}</arg>
<arg>expected_status=401</arg>
<doc>Sends a POST request on a previously created HTTP Session.</doc>
<status status="PASS" start="2024-05-19T17:49:19.567621" elapsed="0.079187"/>
</kw>
<kw name="Should Be Equal As Strings" owner="BuiltIn">
<msg time="2024-05-19T17:49:19.647853" level="INFO">Argument types are:
&lt;class 'bytes'&gt;
&lt;class 'str'&gt;</msg>
<arg>${response.content}</arg>
<arg>{"message":"Credenciais invalidas - Senha incorreta"}</arg>
<doc>Fails if objects are unequal after converting them to strings.</doc>
<status status="PASS" start="2024-05-19T17:49:19.647853" elapsed="0.000000"/>
</kw>
<doc>Make a request with wrong password</doc>
<tag>invalid</tag>
<tag>login</tag>
<status status="PASS" start="2024-05-19T17:49:19.564996" elapsed="0.083953"/>
</test>
<test id="s1-s1-t2" name="Given wrong username When make the request Then token should not be returned" line="26">
<kw name="Given I start the session" owner="base" type="SETUP">
<kw name="Create Session" owner="RequestsLibrary">
<msg time="2024-05-19T17:49:19.650498" level="INFO">Creating Session using : alias=Login Session, url=http://localhost:3000, headers={},                     cookies={}, auth=None, timeout=None, proxies=None, verify=False,                     debug=0 </msg>
<arg>${session_alias}</arg>
<arg>${BASE_URL}</arg>
<arg>disable_warnings=True</arg>
<doc>Create Session: create a HTTP session to a server</doc>
<status status="PASS" start="2024-05-19T17:49:19.649456" elapsed="0.001042"/>
</kw>
<arg>${ALIAS}</arg>
<status status="PASS" start="2024-05-19T17:49:19.649456" elapsed="0.001042"/>
</kw>
<kw name="Create Dictionary" owner="BuiltIn">
<msg time="2024-05-19T17:49:19.650498" level="INFO">${PAYLOAD} = {'username': 'fakeuser', 'password': '123456'}</msg>
<var>${PAYLOAD}</var>
<arg>username=fakeuser</arg>
<arg>password=123456</arg>
<doc>Creates and returns a dictionary based on the given ``items``.</doc>
<status status="PASS" start="2024-05-19T17:49:19.650498" elapsed="0.000000"/>
</kw>
<kw name="POST On Session" owner="RequestsLibrary">
<msg time="2024-05-19T17:49:19.662089" level="INFO">POST Request : url=http://localhost:3000/login 
 path_url=/login 
 headers={'User-Agent': 'python-requests/2.31.0', 'Accept-Encoding': 'gzip, deflate', 'Accept': '*/*', 'Connection': 'keep-alive', 'Content-Length': '46', 'Content-Type': 'application/json'} 
 body=b'{"username": "fakeuser", "password": "123456"}' 
 </msg>
<msg time="2024-05-19T17:49:19.662089" level="INFO">POST Response : url=http://localhost:3000/login 
 status=404, reason=Not Found 
 headers={'X-Powered-By': 'Express', 'Content-Type': 'application/json; charset=utf-8', 'Content-Length': '36', 'ETag': 'W/"24-s5ILTRAaCbI+5d8Lfht2piwASLQ"', 'Date': 'Sun, 19 May 2024 20:49:19 GMT', 'Connection': 'keep-alive', 'Keep-Alive': 'timeout=5'} 
 body={"message":"Usuario nao encontrado"} 
 </msg>
<msg time="2024-05-19T17:49:19.662595" level="INFO">${response} = &lt;Response [404]&gt;</msg>
<var>${response}</var>
<arg>${ALIAS}</arg>
<arg>url=/login</arg>
<arg>json=${PAYLOAD}</arg>
<arg>expected_status=404</arg>
<doc>Sends a POST request on a previously created HTTP Session.</doc>
<status status="PASS" start="2024-05-19T17:49:19.651461" elapsed="0.011134"/>
</kw>
<kw name="Should Be Equal As Strings" owner="BuiltIn">
<msg time="2024-05-19T17:49:19.662595" level="INFO">Argument types are:
&lt;class 'bytes'&gt;
&lt;class 'str'&gt;</msg>
<arg>${response.content}</arg>
<arg>{"message":"Usuario nao encontrado"}</arg>
<doc>Fails if objects are unequal after converting them to strings.</doc>
<status status="PASS" start="2024-05-19T17:49:19.662595" elapsed="0.001008"/>
</kw>
<doc>Make a request with wrong username</doc>
<tag>invalid</tag>
<tag>login</tag>
<status status="PASS" start="2024-05-19T17:49:19.649456" elapsed="0.014147"/>
</test>
<test id="s1-s1-t3" name="Given empty credentials When make the request Then token should not be returned" line="35">
<kw name="Given I start the session" owner="base" type="SETUP">
<kw name="Create Session" owner="RequestsLibrary">
<msg time="2024-05-19T17:49:19.665152" level="INFO">Creating Session using : alias=Login Session, url=http://localhost:3000, headers={},                     cookies={}, auth=None, timeout=None, proxies=None, verify=False,                     debug=0 </msg>
<arg>${session_alias}</arg>
<arg>${BASE_URL}</arg>
<arg>disable_warnings=True</arg>
<doc>Create Session: create a HTTP session to a server</doc>
<status status="PASS" start="2024-05-19T17:49:19.665152" elapsed="0.000000"/>
</kw>
<arg>${ALIAS}</arg>
<status status="PASS" start="2024-05-19T17:49:19.665152" elapsed="0.000000"/>
</kw>
<kw name="Create Dictionary" owner="BuiltIn">
<msg time="2024-05-19T17:49:19.666157" level="INFO">${PAYLOAD} = {'username': '', 'password': ''}</msg>
<var>${PAYLOAD}</var>
<arg>username=</arg>
<arg>password=</arg>
<doc>Creates and returns a dictionary based on the given ``items``.</doc>
<status status="PASS" start="2024-05-19T17:49:19.665152" elapsed="0.001005"/>
</kw>
<kw name="POST On Session" owner="RequestsLibrary">
<msg time="2024-05-19T17:49:19.673524" level="INFO">POST Request : url=http://localhost:3000/login 
 path_url=/login 
 headers={'User-Agent': 'python-requests/2.31.0', 'Accept-Encoding': 'gzip, deflate', 'Accept': '*/*', 'Connection': 'keep-alive', 'Content-Length': '32', 'Content-Type': 'application/json'} 
 body=b'{"username": "", "password": ""}' 
 </msg>
<msg time="2024-05-19T17:49:19.673524" level="INFO">POST Response : url=http://localhost:3000/login 
 status=404, reason=Not Found 
 headers={'X-Powered-By': 'Express', 'Content-Type': 'application/json; charset=utf-8', 'Content-Length': '36', 'ETag': 'W/"24-s5ILTRAaCbI+5d8Lfht2piwASLQ"', 'Date': 'Sun, 19 May 2024 20:49:19 GMT', 'Connection': 'keep-alive', 'Keep-Alive': 'timeout=5'} 
 body={"message":"Usuario nao encontrado"} 
 </msg>
<msg time="2024-05-19T17:49:19.673524" level="INFO">${response} = &lt;Response [404]&gt;</msg>
<var>${response}</var>
<arg>${ALIAS}</arg>
<arg>url=/login</arg>
<arg>json=${PAYLOAD}</arg>
<arg>expected_status=404</arg>
<doc>Sends a POST request on a previously created HTTP Session.</doc>
<status status="PASS" start="2024-05-19T17:49:19.666157" elapsed="0.007367"/>
</kw>
<kw name="Should Be Equal As Strings" owner="BuiltIn">
<msg time="2024-05-19T17:49:19.676210" level="INFO">Argument types are:
&lt;class 'bytes'&gt;
&lt;class 'str'&gt;</msg>
<arg>${response.content}</arg>
<arg>{"message":"Usuario nao encontrado"}</arg>
<doc>Fails if objects are unequal after converting them to strings.</doc>
<status status="PASS" start="2024-05-19T17:49:19.674660" elapsed="0.001550"/>
</kw>
<doc>Make a request with empty username and password</doc>
<tag>invalid</tag>
<tag>login</tag>
<status status="PASS" start="2024-05-19T17:49:19.664647" elapsed="0.012560"/>
</test>
<test id="s1-s1-t4" name="Given Valid credentials When make the request Then token should be returned" line="44">
<kw name="Given I start the session" owner="base" type="SETUP">
<kw name="Create Session" owner="RequestsLibrary">
<msg time="2024-05-19T17:49:19.679818" level="INFO">Creating Session using : alias=Login Session, url=http://localhost:3000, headers={},                     cookies={}, auth=None, timeout=None, proxies=None, verify=False,                     debug=0 </msg>
<arg>${session_alias}</arg>
<arg>${BASE_URL}</arg>
<arg>disable_warnings=True</arg>
<doc>Create Session: create a HTTP session to a server</doc>
<status status="PASS" start="2024-05-19T17:49:19.678803" elapsed="0.001015"/>
</kw>
<arg>${ALIAS}</arg>
<status status="PASS" start="2024-05-19T17:49:19.678803" elapsed="0.001015"/>
</kw>
<kw name="Create Dictionary" owner="BuiltIn">
<msg time="2024-05-19T17:49:19.679818" level="INFO">${PAYLOAD} = {'username': 'admin', 'password': 'admin'}</msg>
<var>${PAYLOAD}</var>
<arg>username=admin</arg>
<arg>password=admin</arg>
<doc>Creates and returns a dictionary based on the given ``items``.</doc>
<status status="PASS" start="2024-05-19T17:49:19.679818" elapsed="0.000000"/>
</kw>
<kw name="POST On Session" owner="RequestsLibrary">
<msg time="2024-05-19T17:49:19.751568" level="INFO">POST Request : url=http://localhost:3000/login 
 path_url=/login 
 headers={'User-Agent': 'python-requests/2.31.0', 'Accept-Encoding': 'gzip, deflate', 'Accept': '*/*', 'Connection': 'keep-alive', 'Content-Length': '42', 'Content-Type': 'application/json'} 
 body=b'{"username": "admin", "password": "admin"}' 
 </msg>
<msg time="2024-05-19T17:49:19.751568" level="INFO">POST Response : url=http://localhost:3000/login 
 status=200, reason=OK 
 headers={'X-Powered-By': 'Express', 'Content-Type': 'application/json; charset=utf-8', 'Content-Length': '155', 'ETag': 'W/"9b-UJz6Retll8B7OEuc/S1dgTynFbQ"', 'Date': 'Sun, 19 May 2024 20:49:19 GMT', 'Connection': 'keep-alive', 'Keep-Alive': 'timeout=5'} 
 body={"token":"eyJhbGciOiJIUzI1NiIsInR5cCI6IkpXVCJ9.eyJ1c2VySWQiOjEsImlhdCI6MTcxNjE1MTc1OSwiZXhwIjoxNzE2MTU1MzU5fQ.E9yu7AhgVJvuwnpoAOZX1ubtgoHVn0qEfqjWHHF1F2E"} 
 </msg>
<msg time="2024-05-19T17:49:19.751568" level="INFO">${response} = &lt;Response [200]&gt;</msg>
<var>${response}</var>
<arg>${ALIAS}</arg>
<arg>url=/login</arg>
<arg>json=${PAYLOAD}</arg>
<arg>expected_status=200</arg>
<doc>Sends a POST request on a previously created HTTP Session.</doc>
<status status="PASS" start="2024-05-19T17:49:19.679818" elapsed="0.071750"/>
</kw>
<kw name="Convert String To Json" owner="JSONLibrary">
<msg time="2024-05-19T17:49:19.753074" level="INFO">${json_data} = {'token': 'eyJhbGciOiJIUzI1NiIsInR5cCI6IkpXVCJ9.eyJ1c2VySWQiOjEsImlhdCI6MTcxNjE1MTc1OSwiZXhwIjoxNzE2MTU1MzU5fQ.E9yu7AhgVJvuwnpoAOZX1ubtgoHVn0qEfqjWHHF1F2E'}</msg>
<var>${json_data}</var>
<arg>${response.content}</arg>
<doc>Convert String to JSON object</doc>
<status status="PASS" start="2024-05-19T17:49:19.751568" elapsed="0.001506"/>
</kw>
<kw name="Dictionary Should Contain Key" owner="Collections">
<msg time="2024-05-19T17:49:19.753074" level="INFO">False</msg>
<arg>${json_data}</arg>
<arg>token</arg>
<doc>Fails if ``key`` is not found from ``dictionary``.</doc>
<status status="PASS" start="2024-05-19T17:49:19.753074" elapsed="0.000000"/>
</kw>
<doc>Make a request with valid username and password</doc>
<tag>login</tag>
<tag>valid</tag>
<status status="PASS" start="2024-05-19T17:49:19.677714" elapsed="0.076367"/>
</test>
<status status="PASS" start="2024-05-19T17:49:19.394571" elapsed="0.360511"/>
</suite>
<suite id="s1-s2" name="Sales Tests" source="E:\full-proj-softreuse\tests\suites\sales_tests.robot">
<test id="s1-s2-t1" name="Given an invalid token When request all sales Then response should be forbidden" line="18">
<kw name="Given I start the session" owner="base" type="SETUP">
<kw name="Create Session" owner="RequestsLibrary">
<msg time="2024-05-19T17:49:19.764532" level="INFO">Creating Session using : alias=Sales Session, url=http://localhost:3000, headers={},                     cookies={}, auth=None, timeout=None, proxies=None, verify=False,                     debug=0 </msg>
<arg>${session_alias}</arg>
<arg>${BASE_URL}</arg>
<arg>disable_warnings=True</arg>
<doc>Create Session: create a HTTP session to a server</doc>
<status status="PASS" start="2024-05-19T17:49:19.764532" elapsed="0.000000"/>
</kw>
<arg>${ALIAS}</arg>
<status status="PASS" start="2024-05-19T17:49:19.763531" elapsed="0.001001"/>
</kw>
<kw name="Create Dictionary" owner="BuiltIn">
<msg time="2024-05-19T17:49:19.765534" level="INFO">${PAYLOAD} = {'Authorization': 'Bearer 123abc', 'Content-Type': 'application/json'}</msg>
<var>${PAYLOAD}</var>
<arg>Authorization=Bearer 123abc</arg>
<arg>Content-Type=application/json</arg>
<doc>Creates and returns a dictionary based on the given ``items``.</doc>
<status status="PASS" start="2024-05-19T17:49:19.764532" elapsed="0.001002"/>
</kw>
<kw name="GET On Session" owner="RequestsLibrary">
<msg time="2024-05-19T17:49:19.773564" level="INFO">GET Request : url=http://localhost:3000/sales 
 path_url=/sales 
 headers={'User-Agent': 'python-requests/2.31.0', 'Accept-Encoding': 'gzip, deflate', 'Accept': '*/*', 'Connection': 'keep-alive', 'Authorization': 'Bearer 123abc', 'Content-Type': 'application/json'} 
 body=None 
 </msg>
<msg time="2024-05-19T17:49:19.773564" level="INFO">GET Response : url=http://localhost:3000/sales 
 status=403, reason=Forbidden 
 headers={'X-Powered-By': 'Express', 'Content-Type': 'application/json; charset=utf-8', 'Content-Length': '44', 'ETag': 'W/"2c-Mpyl+AHKkW2IPN+ltyIbTrzFnHc"', 'Date': 'Sun, 19 May 2024 20:49:19 GMT', 'Connection': 'keep-alive', 'Keep-Alive': 'timeout=5'} 
 body={"message":"Token de autenticacao invalido"} 
 </msg>
<msg time="2024-05-19T17:49:19.774618" level="INFO">${response} = &lt;Response [403]&gt;</msg>
<var>${response}</var>
<arg>${ALIAS}</arg>
<arg>url=/sales</arg>
<arg>headers=${PAYLOAD}</arg>
<arg>expected_status=403</arg>
<doc>Sends a GET request on a previously created HTTP Session.</doc>
<status status="PASS" start="2024-05-19T17:49:19.765534" elapsed="0.009084"/>
</kw>
<kw name="Should Be Equal As Strings" owner="BuiltIn">
<msg time="2024-05-19T17:49:19.775626" level="INFO">Argument types are:
&lt;class 'bytes'&gt;
&lt;class 'str'&gt;</msg>
<arg>${response.content}</arg>
<arg>{"message":"Token de autenticacao invalido"}</arg>
<doc>Fails if objects are unequal after converting them to strings.</doc>
<status status="PASS" start="2024-05-19T17:49:19.774618" elapsed="0.001008"/>
</kw>
<doc>Make an invalid request to get all sales</doc>
<tag>invalid</tag>
<tag>sales</tag>
<status status="PASS" start="2024-05-19T17:49:19.763531" elapsed="0.013654"/>
</test>
<test id="s1-s2-t2" name="Given valid token When request all sales Then response should contain sales data" line="26">
<kw name="Given I start the session" owner="base" type="SETUP">
<kw name="Create Session" owner="RequestsLibrary">
<msg time="2024-05-19T17:49:19.783183" level="INFO">Creating Session using : alias=Sales Session, url=http://localhost:3000, headers={},                     cookies={}, auth=None, timeout=None, proxies=None, verify=False,                     debug=0 </msg>
<arg>${session_alias}</arg>
<arg>${BASE_URL}</arg>
<arg>disable_warnings=True</arg>
<doc>Create Session: create a HTTP session to a server</doc>
<status status="PASS" start="2024-05-19T17:49:19.782173" elapsed="0.001010"/>
</kw>
<arg>${ALIAS}</arg>
<status status="PASS" start="2024-05-19T17:49:19.780178" elapsed="0.003005"/>
</kw>
<kw name="Get auth token" owner="base">
<kw name="Create Dictionary" owner="BuiltIn">
<msg time="2024-05-19T17:49:19.784183" level="INFO">${PAYLOAD} = {'username': 'admin', 'password': 'admin'}</msg>
<var>${PAYLOAD}</var>
<arg>username=${USERNAME}</arg>
<arg>password=${PASSWORD}</arg>
<doc>Creates and returns a dictionary based on the given ``items``.</doc>
<status status="PASS" start="2024-05-19T17:49:19.784183" elapsed="0.000998"/>
</kw>
<kw name="POST On Session" owner="RequestsLibrary">
<msg time="2024-05-19T17:49:19.868091" level="INFO">POST Request : url=http://localhost:3000/login 
 path_url=/login 
 headers={'User-Agent': 'python-requests/2.31.0', 'Accept-Encoding': 'gzip, deflate', 'Accept': '*/*', 'Connection': 'keep-alive', 'Content-Length': '42', 'Content-Type': 'application/json'} 
 body=b'{"username": "admin", "password": "admin"}' 
 </msg>
<msg time="2024-05-19T17:49:19.868091" level="INFO">POST Response : url=http://localhost:3000/login 
 status=200, reason=OK 
 headers={'X-Powered-By': 'Express', 'Content-Type': 'application/json; charset=utf-8', 'Content-Length': '155', 'ETag': 'W/"9b-UJz6Retll8B7OEuc/S1dgTynFbQ"', 'Date': 'Sun, 19 May 2024 20:49:19 GMT', 'Connection': 'keep-alive', 'Keep-Alive': 'timeout=5'} 
 body={"token":"eyJhbGciOiJIUzI1NiIsInR5cCI6IkpXVCJ9.eyJ1c2VySWQiOjEsImlhdCI6MTcxNjE1MTc1OSwiZXhwIjoxNzE2MTU1MzU5fQ.E9yu7AhgVJvuwnpoAOZX1ubtgoHVn0qEfqjWHHF1F2E"} 
 </msg>
<msg time="2024-05-19T17:49:19.868091" level="INFO">${response} = &lt;Response [200]&gt;</msg>
<var>${response}</var>
<arg>${session_alias}</arg>
<arg>url=/login</arg>
<arg>json=${PAYLOAD}</arg>
<arg>expected_status=200</arg>
<doc>Sends a POST request on a previously created HTTP Session.</doc>
<status status="PASS" start="2024-05-19T17:49:19.785181" elapsed="0.082910"/>
</kw>
<kw name="Convert String To Json" owner="JSONLibrary">
<msg time="2024-05-19T17:49:19.869096" level="INFO">${json_data} = {'token': 'eyJhbGciOiJIUzI1NiIsInR5cCI6IkpXVCJ9.eyJ1c2VySWQiOjEsImlhdCI6MTcxNjE1MTc1OSwiZXhwIjoxNzE2MTU1MzU5fQ.E9yu7AhgVJvuwnpoAOZX1ubtgoHVn0qEfqjWHHF1F2E'}</msg>
<var>${json_data}</var>
<arg>${response.content}</arg>
<doc>Convert String to JSON object</doc>
<status status="PASS" start="2024-05-19T17:49:19.868091" elapsed="0.001005"/>
</kw>
<kw name="Dictionary Should Contain Key" owner="Collections">
<msg time="2024-05-19T17:49:19.869096" level="INFO">False</msg>
<arg>${json_data}</arg>
<arg>token</arg>
<doc>Fails if ``key`` is not found from ``dictionary``.</doc>
<status status="PASS" start="2024-05-19T17:49:19.869096" elapsed="0.000000"/>
</kw>
<return>
<value>${json_data}[token]</value>
<status status="PASS" start="2024-05-19T17:49:19.869096" elapsed="0.000000"/>
</return>
<msg time="2024-05-19T17:49:19.869096" level="INFO">${token} = eyJhbGciOiJIUzI1NiIsInR5cCI6IkpXVCJ9.eyJ1c2VySWQiOjEsImlhdCI6MTcxNjE1MTc1OSwiZXhwIjoxNzE2MTU1MzU5fQ.E9yu7AhgVJvuwnpoAOZX1ubtgoHVn0qEfqjWHHF1F2E</msg>
<var>${token}</var>
<arg>${ALIAS}</arg>
<arg>${username}</arg>
<arg>${password}</arg>
<status status="PASS" start="2024-05-19T17:49:19.784183" elapsed="0.084913"/>
</kw>
<kw name="Create Dictionary" owner="BuiltIn">
<msg time="2024-05-19T17:49:19.870097" level="INFO">${headers} = {'Authorization': 'Bearer eyJhbGciOiJIUzI1NiIsInR5cCI6IkpXVCJ9.eyJ1c2VySWQiOjEsImlhdCI6MTcxNjE1MTc1OSwiZXhwIjoxNzE2MTU1MzU5fQ.E9yu7AhgVJvuwnpoAOZX1ubtgoHVn0qEfqjWHHF1F2E', 'Content-Type': 'application...</msg>
<var>${headers}</var>
<arg>Authorization=Bearer ${token}</arg>
<arg>Content-Type=application/json</arg>
<doc>Creates and returns a dictionary based on the given ``items``.</doc>
<status status="PASS" start="2024-05-19T17:49:19.869096" elapsed="0.001001"/>
</kw>
<kw name="GET On Session" owner="RequestsLibrary">
<msg time="2024-05-19T17:49:19.890743" level="INFO">GET Request : url=http://localhost:3000/sales 
 path_url=/sales 
 headers={'User-Agent': 'python-requests/2.31.0', 'Accept-Encoding': 'gzip, deflate', 'Accept': '*/*', 'Connection': 'keep-alive', 'Authorization': 'Bearer eyJhbGciOiJIUzI1NiIsInR5cCI6IkpXVCJ9.eyJ1c2VySWQiOjEsImlhdCI6MTcxNjE1MTc1OSwiZXhwIjoxNzE2MTU1MzU5fQ.E9yu7AhgVJvuwnpoAOZX1ubtgoHVn0qEfqjWHHF1F2E', 'Content-Type': 'application/json'} 
 body=None 
 </msg>
<msg time="2024-05-19T17:49:19.890743" level="INFO">GET Response : url=http://localhost:3000/sales 
 status=200, reason=OK 
 headers={'X-Powered-By': 'Express', 'Content-Type': 'application/json; charset=utf-8', 'Content-Length': '97', 'ETag': 'W/"61-wUoex4iKrl+G5kGNr+m0a82OMz4"', 'Date': 'Sun, 19 May 2024 20:49:19 GMT', 'Connection': 'keep-alive', 'Keep-Alive': 'timeout=5'} 
 body={"product":{"name":"Skol Lata","price":3.8,"category":"Alcohol"},"quantity_sold":12,"total":45.6} 
 </msg>
<msg time="2024-05-19T17:49:19.890743" level="INFO">${response} = &lt;Response [200]&gt;</msg>
<var>${response}</var>
<arg>${ALIAS}</arg>
<arg>url=/sales</arg>
<arg>headers=${headers}</arg>
<arg>expected_status=200</arg>
<doc>Sends a GET request on a previously created HTTP Session.</doc>
<status status="PASS" start="2024-05-19T17:49:19.870097" elapsed="0.020646"/>
</kw>
<kw name="Convert String To Json" owner="JSONLibrary">
<msg time="2024-05-19T17:49:19.891755" level="INFO">${json_data} = {'product': {'name': 'Skol Lata', 'price': 3.8, 'category': 'Alcohol'}, 'quantity_sold': 12, 'total': 45.6}</msg>
<var>${json_data}</var>
<arg>${response.content}</arg>
<doc>Convert String to JSON object</doc>
<status status="PASS" start="2024-05-19T17:49:19.890743" elapsed="0.001012"/>
</kw>
<kw name="Dictionary Should Contain Key" owner="Collections">
<msg time="2024-05-19T17:49:19.891755" level="INFO">False</msg>
<arg>${json_data}</arg>
<arg>product</arg>
<doc>Fails if ``key`` is not found from ``dictionary``.</doc>
<status status="PASS" start="2024-05-19T17:49:19.891755" elapsed="0.000000"/>
</kw>
<kw name="Dictionary Should Contain Key" owner="Collections">
<msg time="2024-05-19T17:49:19.891755" level="INFO">False</msg>
<arg>${json_data}</arg>
<arg>quantity_sold</arg>
<doc>Fails if ``key`` is not found from ``dictionary``.</doc>
<status status="PASS" start="2024-05-19T17:49:19.891755" elapsed="0.000000"/>
</kw>
<kw name="Dictionary Should Contain Key" owner="Collections">
<msg time="2024-05-19T17:49:19.892752" level="INFO">False</msg>
<arg>${json_data}</arg>
<arg>total</arg>
<doc>Fails if ``key`` is not found from ``dictionary``.</doc>
<status status="PASS" start="2024-05-19T17:49:19.892752" elapsed="0.000000"/>
</kw>
<doc>Make a valid request for all sales</doc>
<tag>sales</tag>
<tag>valid</tag>
<status status="PASS" start="2024-05-19T17:49:19.777893" elapsed="0.114859"/>
</test>
<status status="PASS" start="2024-05-19T17:49:19.756082" elapsed="0.137678"/>
</suite>
<status status="PASS" start="2024-05-19T17:49:19.377150" elapsed="0.517600"/>
</suite>
<statistics>
<total>
<stat pass="6" fail="0" skip="0">All Tests</stat>
</total>
<tag>
<stat pass="4" fail="0" skip="0">invalid</stat>
<stat pass="4" fail="0" skip="0">login</stat>
<stat pass="2" fail="0" skip="0">sales</stat>
<stat pass="2" fail="0" skip="0">valid</stat>
</tag>
<suite>
<stat pass="6" fail="0" skip="0" id="s1" name="Suites">Suites</stat>
<stat pass="4" fail="0" skip="0" id="s1-s1" name="Login Tests">Suites.Login Tests</stat>
<stat pass="2" fail="0" skip="0" id="s1-s2" name="Sales Tests">Suites.Sales Tests</stat>
</suite>
</statistics>
<errors>
</errors>
</robot>
